<?xml version="1.0" encoding="UTF-8"?>
<robot generator="Robot 7.2.2 (Python 3.10.11 on win32)" generated="2025-04-22T13:49:39.679587" rpa="false" schemaversion="5">
<suite id="s1" name="Builtin Demo" source="D:\Tu_dong_hoa_python\builtin_demo.robot">
<test id="s1-t1" name="SO SANH HAI BIEN 1" line="8">
<kw name="Should Be Equal" owner="BuiltIn">
<arg>${x}</arg>
<arg>${y}</arg>
<doc>Fails if the given objects are unequal.</doc>
<status status="PASS" start="2025-04-22T13:49:39.702582" elapsed="0.000000"/>
</kw>
<status status="PASS" start="2025-04-22T13:49:39.701571" elapsed="0.002446"/>
</test>
<test id="s1-t2" name="SO SANH HAI BIEN 2" line="11">
<kw name="should Be NOT Equal">
<msg time="2025-04-22T13:49:39.705438" level="FAIL">No keyword with name 'should Be NOT Equal' found. Did you mean:
    BuiltIn.Should Be Equal
    BuiltIn.Should Not Be Equal</msg>
<arg>${x}</arg>
<arg>${y}</arg>
<status status="FAIL" start="2025-04-22T13:49:39.705438" elapsed="0.000000">No keyword with name 'should Be NOT Equal' found. Did you mean:
    BuiltIn.Should Be Equal
    BuiltIn.Should Not Be Equal</status>
</kw>
<status status="FAIL" start="2025-04-22T13:49:39.704017" elapsed="0.001421">No keyword with name 'should Be NOT Equal' found. Did you mean:
    BuiltIn.Should Be Equal
    BuiltIn.Should Not Be Equal</status>
</test>
<status status="FAIL" start="2025-04-22T13:49:39.680589" elapsed="0.026219"/>
</suite>
<statistics>
<total>
<stat pass="1" fail="1" skip="0">All Tests</stat>
</total>
<tag>
</tag>
<suite>
<stat name="Builtin Demo" id="s1" pass="1" fail="1" skip="0">Builtin Demo</stat>
</suite>
</statistics>
<errors>
</errors>
</robot>
